2026-06-27 20:56:07 - INFO - Attendance service starting.
2026-06-27 20:56:07 - INFO - Attempting to open COM3...
2026-06-27 20:56:08 - INFO - Connected to COM3. Waiting for ESP32 READY...
2026-06-27 20:56:09 - INFO - ESP32 is ready.
2026-06-27 20:56:20 - INFO - BLACKLISTED: 7A:C9:9A:26:34:DF
2026-06-27 20:56:38 - INFO - BLACKLISTED: 7A:C9:9A:26:34:DF
2026-06-27 20:58:07 - INFO - ALLOW: 5E:D4:81:75:20:EF
2026-06-27 20:58:18 - INFO - HTTP Request: POST https://lgrwdvkdhybcqcbctoje.supabase.co/rest/v1/registrations "HTTP/2 401 Unauthorized"
2026-06-27 20:58:18 - ERROR - Supabase sync error: {'message': 'JSON could not be generated', 'code': 401, 'hint': 'Refer to full message for details', 'details': 'b\'{"message":"Invalid API key","hint":"Double check your Supabase `anon` or `service_role` API key."}\''}
2026-06-27 20:58:18 - INFO - Registered: hdueu, gs@he, 5E:D4:81:75:20:EF
2026-06-27 20:58:20 - INFO - BLACKLISTED: 5E:D4:81:75:20:EF
2026-06-27 20:58:21 - INFO - BLACKLISTED: 5E:D4:81:75:20:EF
2026-06-27 20:58:26 - INFO - BLACKLISTED: 5E:D4:81:75:20:EF
2026-06-27 20:58:30 - INFO - BLACKLISTED: 5E:D4:81:75:20:EF
2026-06-27 20:58:45 - INFO - BLACKLISTED: 5E:D4:81:75:20:EF
2026-06-27 20:58:46 - INFO - BLACKLISTED: 5E:D4:81:75:20:EF
2026-06-27 20:58:47 - INFO - BLACKLISTED: 5E:D4:81:75:20:EF
2026-06-27 21:08:08 - INFO - Attendance service starting.
2026-06-27 21:08:08 - INFO - Attempting to open COM3...
2026-06-27 21:08:09 - INFO - Connected to COM3. Waiting for ESP32 READY...
2026-06-27 21:08:10 - INFO - ESP32 is ready.
2026-06-27 21:10:46 - INFO - ALLOW: 7A:C9:9A:26:34:DF
2026-06-27 21:11:06 - INFO - HTTP Request: POST https://lgrwdvkdhybcqcbctoje.supabase.co/rest/v1/registrations "HTTP/2 409 Conflict"
2026-06-27 21:11:06 - ERROR - Supabase sync error: {'message': 'duplicate key value violates unique constraint "registrations_mac_key"', 'code': '23505', 'hint': None, 'details': 'Key (mac)=(7A:C9:9A:26:34:DF) already exists.'}
2026-06-27 21:11:06 - INFO - Registered: lorensu montefalco, lorence@gmail.com, 7A:C9:9A:26:34:DF
2026-06-27 21:11:12 - INFO - BLACKLISTED: 7A:C9:9A:26:34:DF
2026-06-27 21:11:18 - INFO - BLACKLISTED: 7A:C9:9A:26:34:DF
2026-06-27 21:11:19 - INFO - BLACKLISTED: 7A:C9:9A:26:34:DF
2026-06-27 21:11:27 - INFO - BLACKLISTED: 7A:C9:9A:26:34:DF
2026-06-27 21:11:28 - INFO - BLACKLISTED: 7A:C9:9A:26:34:DF
2026-06-27 21:13:42 - INFO - ALLOW: 7A:C9:9A:26:34:DF
2026-06-27 21:14:06 - INFO - HTTP Request: POST https://lgrwdvkdhybcqcbctoje.supabase.co/rest/v1/registrations "HTTP/2 201 Created"
2026-06-27 21:14:06 - INFO - Synced to cloud: lorensu montefalco, lorensu@gmail.com, 7A:C9:9A:26:34:DF
2026-06-27 21:14:06 - INFO - Registered: lorensu montefalco, lorensu@gmail.com, 7A:C9:9A:26:34:DF
2026-06-27 21:14:13 - INFO - BLACKLISTED: 7A:C9:9A:26:34:DF
2026-06-27 21:18:23 - WARNING - Serial error: ClearCommError failed (PermissionError(13, 'Access is denied.', None, 5)). Retrying in 5 seconds...
2026-06-27 21:18:28 - INFO - Attempting to open COM1...
2026-06-27 21:18:28 - INFO - Connected to COM1. Waiting for ESP32 READY...
2026-06-27 21:18:38 - WARNING - ESP32 not sending READY, retrying...
2026-06-27 21:18:38 - WARNING - Serial error: No READY received. Retrying in 5 seconds...
2026-06-27 21:18:43 - INFO - Attempting to open COM1...
2026-06-27 21:18:43 - INFO - Connected to COM1. Waiting for ESP32 READY...
2026-06-27 21:18:53 - WARNING - ESP32 not sending READY, retrying...
2026-06-27 21:18:53 - WARNING - Serial error: No READY received. Retrying in 5 seconds...
2026-06-27 21:18:58 - INFO - Attempting to open COM1...
2026-06-27 21:18:58 - INFO - Connected to COM1. Waiting for ESP32 READY...
2026-06-27 21:19:08 - WARNING - ESP32 not sending READY, retrying...
2026-06-27 21:19:08 - WARNING - Serial error: No READY received. Retrying in 5 seconds...
2026-06-27 21:19:13 - INFO - Attempting to open COM3...
2026-06-27 21:19:13 - INFO - Connected to COM3. Waiting for ESP32 READY...
2026-06-27 21:19:15 - INFO - ESP32 is ready.
2026-06-27 21:19:23 - INFO - BLACKLISTED: 7A:C9:9A:26:34:DF
2026-06-27 21:20:15 - INFO - BLACKLISTED: 7A:C9:9A:26:34:DF
2026-06-27 21:20:21 - INFO - BLACKLISTED: 7A:C9:9A:26:34:DF
2026-06-27 21:20:23 - INFO - BLACKLISTED: 7A:C9:9A:26:34:DF
